<?xml version="1.0" encoding="UTF-8"?>
<!-- Generated by org.testng.reporters.JUnitReportReporter -->
<testsuite hostname="DESKTOP-LRO9C4E" failures="0" tests="3" name="com.hyr.tests.MultiDropdownTest" time="33.802" errors="0" timestamp="2024-10-12T14:18:33 IST" skipped="0">
  <testcase classname="com.hyr.tests.MultiDropdownTest" name="testMultiDropdownSelections" time="11.821"/>
  <testcase classname="com.hyr.tests.MultiDropdownTest" name="testDeselectAndSelectNewOption" time="11.716"/>
  <testcase classname="com.hyr.tests.MultiDropdownTest" name="testDeselectAllAndPrintAvailableOptions" time="10.265"/>
</testsuite> <!-- com.hyr.tests.MultiDropdownTest -->
